#
# There is insufficient memory for the Java Runtime Environment to continue.
# Native memory allocation (malloc) failed to allocate 36784 bytes for Chunk::new
# Possible reasons:
#   The system is out of physical RAM or swap space
#   In 32 bit mode, the process size limit was hit
# Possible solutions:
#   Reduce memory load on the system
#   Increase physical memory or swap space
#   Check if swap backing store is full
#   Use 64 bit Java on a 64 bit OS
#   Decrease Java heap size (-Xmx/-Xms)
#   Decrease number of Java threads
#   Decrease Java thread stack sizes (-Xss)
#   Set larger code cache with -XX:ReservedCodeCacheSize=
# This output file may be truncated or incomplete.
#
#  Out of Memory Error (allocation.cpp:323), pid=2960, tid=8312
#
# JRE version: Java(TM) SE Runtime Environment (7.0_79-b15) (build 1.7.0_79-b15)
# Java VM: Java HotSpot(TM) 64-Bit Server VM (24.79-b02 mixed mode windows-amd64 compressed oops)
# Failed to write core dump. Minidumps are not enabled by default on client versions of Windows
#

---------------  T H R E A D  ---------------

Current thread (0x00000000084d1800):  JavaThread "C2 CompilerThread0" daemon [_thread_in_native, id=8312, stack(0x000000000a050000,0x000000000a150000)]

Stack: [0x000000000a050000,0x000000000a150000]

Current CompileTask:
C2:    731  162             com.android.dx.ssa.SsaMethod::forEachBlockDepthFirst (194 bytes)


---------------  P R O C E S S  ---------------

Java Threads: ( => current thread )
  0x00000000084dc000 JavaThread "Service Thread" daemon [_thread_blocked, id=5232, stack(0x000000000a250000,0x000000000a350000)]
  0x00000000084d7800 JavaThread "C2 CompilerThread1" daemon [_thread_in_native, id=8460, stack(0x000000000a150000,0x000000000a250000)]
=>0x00000000084d1800 JavaThread "C2 CompilerThread0" daemon [_thread_in_native, id=8312, stack(0x000000000a050000,0x000000000a150000)]
  0x00000000084cf000 JavaThread "Attach Listener" daemon [_thread_blocked, id=2680, stack(0x0000000009f50000,0x000000000a050000)]
  0x00000000084ce800 JavaThread "Signal Dispatcher" daemon [_thread_blocked, id=6976, stack(0x0000000009e50000,0x0000000009f50000)]
  0x00000000023db000 JavaThread "Finalizer" daemon [_thread_blocked, id=5104, stack(0x0000000009d50000,0x0000000009e50000)]
  0x00000000084a7800 JavaThread "Reference Handler" daemon [_thread_blocked, id=8472, stack(0x0000000009c50000,0x0000000009d50000)]
  0x00000000022f0800 JavaThread "main" [_thread_in_Java, id=7788, stack(0x0000000002180000,0x0000000002280000)]

Other Threads:
  0x00000000084a3800 VMThread [stack: 0x0000000009b50000,0x0000000009c50000] [id=8656]
  0x00000000084ef000 WatcherThread [stack: 0x000000000a350000,0x000000000a450000] [id=7344]

VM state:not at safepoint (normal execution)

VM Mutex/Monitor currently owned by a thread: None

Heap
 PSYoungGen      total 28672K, used 18502K [0x00000000eaa80000, 0x00000000eca80000, 0x0000000100000000)
  eden space 24576K, 75% used [0x00000000eaa80000,0x00000000ebc918a0,0x00000000ec280000)
  from space 4096K, 0% used [0x00000000ec680000,0x00000000ec680000,0x00000000eca80000)
  to   space 4096K, 0% used [0x00000000ec280000,0x00000000ec280000,0x00000000ec680000)
 ParOldGen       total 65536K, used 0K [0x00000000c0000000, 0x00000000c4000000, 0x00000000eaa80000)
  object space 65536K, 0% used [0x00000000c0000000,0x00000000c0000000,0x00000000c4000000)
 PSPermGen       total 21504K, used 4731K [0x00000000bae00000, 0x00000000bc300000, 0x00000000c0000000)
  object space 21504K, 22% used [0x00000000bae00000,0x00000000bb29ec70,0x00000000bc300000)

Card table byte_map: [0x00000000054b0000,0x00000000056e0000] byte_map_base: 0x0000000004ed9000

Polling page: 0x0000000002080000

Code Cache  [0x00000000023f0000, 0x0000000002660000, 0x00000000053f0000)
 total_blobs=368 nmethods=160 adapters=161 free_code_cache=48533Kb largest_free_block=49673664

Compilation events (10 events):
Event: 0.708 Thread 0x00000000084d1800 nmethod 157 0x00000000024883d0 code [0x0000000002488540, 0x00000000024887d8]
Event: 0.708 Thread 0x00000000084d1800  158             com.android.dx.util.FixedSizeList::getOrNull0 (7 bytes)
Event: 0.708 Thread 0x00000000084d1800 nmethod 158 0x0000000002488150 code [0x0000000002488280, 0x0000000002488318]
Event: 0.708 Thread 0x00000000084d1800  159             com.android.dx.dex.code.DalvInsn::<init> (67 bytes)
Event: 0.709 Thread 0x00000000084d1800 nmethod 159 0x0000000002487e90 code [0x0000000002487fc0, 0x0000000002488098]
Event: 0.709 Thread 0x00000000084d1800  160             com.android.dx.rop.code.RegisterSpec::makeLocalOptional (7 bytes)
Event: 0.709 Thread 0x00000000084d1800 nmethod 160 0x000000000248bad0 code [0x000000000248bc20, 0x000000000248bc88]
Event: 0.717 Thread 0x00000000084d1800  161             java.util.Collections$UnmodifiableCollection$1::hasNext (10 bytes)
Event: 0.718 Thread 0x00000000084d1800 nmethod 161 0x000000000248a010 code [0x000000000248a160, 0x000000000248a218]
Event: 0.718 Thread 0x00000000084d1800  162             com.android.dx.ssa.SsaMethod::forEachBlockDepthFirst (194 bytes)

GC Heap History (0 events):
No events

Deoptimization events (1 events):
Event: 0.530 Thread 0x00000000022f0800 Uncommon trap: reason=null_check action=make_not_entrant pc=0x000000000246a2d0 method=com.android.dx.rop.code.LocalItem.equals(Ljava/lang/Object;)Z @ 1

Internal exceptions (10 events):
Event: 0.300 Thread 0x00000000022f0800 Threw 0x00000000eb114b18 at C:\re\jdk7u79\2331\hotspot\src\share\vm\prims\jvm.cpp:1304
Event: 0.316 Thread 0x00000000022f0800 Threw 0x00000000eb15dec8 at C:\re\jdk7u79\2331\hotspot\src\share\vm\prims\jvm.cpp:1304
Event: 0.316 Thread 0x00000000022f0800 Threw 0x00000000eb160cd8 at C:\re\jdk7u79\2331\hotspot\src\share\vm\prims\jvm.cpp:1304
Event: 0.353 Thread 0x00000000022f0800 Threw 0x00000000eb205ef8 at C:\re\jdk7u79\2331\hotspot\src\share\vm\prims\jvm.cpp:1304
Event: 0.354 Thread 0x00000000022f0800 Threw 0x00000000eb20bcd8 at C:\re\jdk7u79\2331\hotspot\src\share\vm\prims\jvm.cpp:1304
Event: 0.356 Thread 0x00000000022f0800 Threw 0x00000000eb21e720 at C:\re\jdk7u79\2331\hotspot\src\share\vm\prims\jvm.cpp:1304
Event: 0.365 Thread 0x00000000022f0800 Threw 0x00000000eb24ffc8 at C:\re\jdk7u79\2331\hotspot\src\share\vm\prims\jvm.cpp:1304
Event: 0.374 Thread 0x00000000022f0800 Threw 0x00000000eb26ce70 at C:\re\jdk7u79\2331\hotspot\src\share\vm\prims\jvm.cpp:1304
Event: 0.530 Thread 0x00000000022f0800 Implicit null exception at 0x000000000246a03a to 0x000000000246a2b9
Event: 0.686 Thread 0x00000000022f0800 Threw 0x00000000ebac0a68 at C:\re\jdk7u79\2331\hotspot\src\share\vm\prims\jvm.cpp:1304

Events (10 events):
Event: 0.506 loading class 0x000000000236d200 done
Event: 0.530 Thread 0x00000000022f0800 Uncommon trap: trap_request=0xfffffff4 fr.pc=0x000000000246a2d0
Event: 0.530 Thread 0x00000000022f0800 DEOPT PACKING pc=0x000000000246a2d0 sp=0x000000000227e280
Event: 0.530 Thread 0x00000000022f0800 DEOPT UNPACKING pc=0x0000000002429064 sp=0x000000000227e1c0 mode 2
Event: 0.677 loading class 0x00000000084f2340
Event: 0.677 loading class 0x00000000084f2340 done
Event: 0.677 loading class 0x00000000084f2310
Event: 0.677 loading class 0x00000000084f2310 done
Event: 0.686 loading class 0x000000000a46b0f0
Event: 0.686 loading class 0x000000000a46b0f0 done


Dynamic libraries:
0x00007ff6daa50000 - 0x00007ff6daa83000 	C:\Program Files\Java\jdk1.7.0_79\bin\java.exe
0x00007fff515b0000 - 0x00007fff51771000 	C:\Windows\SYSTEM32\ntdll.dll
0x00007fff50cc0000 - 0x00007fff50d6d000 	C:\Windows\system32\KERNEL32.DLL
0x00007fff4e2b0000 - 0x00007fff4e498000 	C:\Windows\system32\KERNELBASE.dll
0x00007fff4f540000 - 0x00007fff4f5e7000 	C:\Windows\system32\ADVAPI32.dll
0x00007fff513b0000 - 0x00007fff5144d000 	C:\Windows\system32\msvcrt.dll
0x00007fff4ea90000 - 0x00007fff4eaeb000 	C:\Windows\system32\sechost.dll
0x00007fff50d70000 - 0x00007fff50e8c000 	C:\Windows\system32\RPCRT4.dll
0x00007fff4ef10000 - 0x00007fff4f066000 	C:\Windows\system32\USER32.dll
0x00007fff4ed20000 - 0x00007fff4eea6000 	C:\Windows\system32\GDI32.dll
0x00007fff4a1d0000 - 0x00007fff4a444000 	C:\Windows\WinSxS\amd64_microsoft.windows.common-controls_6595b64144ccf1df_6.0.10586.0_none_8c15ae12515e1c22\COMCTL32.dll
0x00007fff4f080000 - 0x00007fff4f2fd000 	C:\Windows\system32\combase.dll
0x00007fff4e810000 - 0x00007fff4e87a000 	C:\Windows\system32\bcryptPrimitives.dll
0x00007fff51370000 - 0x00007fff513ab000 	C:\Windows\system32\IMM32.DLL
0x0000000069bd0000 - 0x0000000069ca2000 	C:\Program Files\Java\jdk1.7.0_79\jre\bin\msvcr100.dll
0x0000000069d30000 - 0x000000006a505000 	C:\Program Files\Java\jdk1.7.0_79\jre\bin\server\jvm.dll
0x00007fff4ea80000 - 0x00007fff4ea88000 	C:\Windows\system32\PSAPI.DLL
